2018-09-07 17:18:36,738 INFO (StartupInfoLogger.java:48)- Starting GoodsServerApplication on DESKTOP-5ARIRLN with PID 24436 (D:\data\src\shop-parent\shop-goods-server\target\classes started by WangZhe in D:\data\src\shop-parent)
2018-09-07 17:18:36,745 DEBUG (StartupInfoLogger.java:51)- Running with Spring Boot v1.5.14.RELEASE, Spring v4.3.18.RELEASE
2018-09-07 17:18:36,746 INFO (SpringApplication.java:593)- No active profile set, falling back to default profiles: default
2018-09-07 17:23:52,354 INFO (StartupInfoLogger.java:48)- Starting GoodsServerApplication on DESKTOP-5ARIRLN with PID 24776 (D:\data\src\shop-parent\shop-goods-server\target\classes started by WangZhe in D:\data\src\shop-parent)
2018-09-07 17:23:52,361 DEBUG (StartupInfoLogger.java:51)- Running with Spring Boot v1.5.14.RELEASE, Spring v4.3.18.RELEASE
2018-09-07 17:23:52,362 INFO (SpringApplication.java:593)- No active profile set, falling back to default profiles: default
2018-09-07 17:24:04,154 INFO (StartupInfoLogger.java:57)- Started GoodsServerApplication in 12.469 seconds (JVM running for 13.004)
2018-09-07 17:25:32,165 DEBUG (BaseJdbcLogger.java:181)- ==>  Preparing: select count(p.id) from product p 
2018-09-07 17:25:32,197 DEBUG (BaseJdbcLogger.java:181)- ==> Parameters: 
2018-09-07 17:25:32,221 DEBUG (BaseJdbcLogger.java:181)- <==      Total: 1
2018-09-07 17:25:32,222 DEBUG (BaseJdbcLogger.java:181)- ==>  Preparing: select p.id,p.name,p.code,p.market_price,p.base_price, b.id as bid,b.name as bname, c.id as cid,c.name as cname from product p left join brand b on p.brand_id = b.id left join catalog c on p.catalog_id = c.id order by p.id desc limit ?,? 
2018-09-07 17:25:32,223 DEBUG (BaseJdbcLogger.java:181)- ==> Parameters: 0(Integer), 5(Integer)
2018-09-07 17:25:32,238 DEBUG (BaseJdbcLogger.java:181)- <==      Total: 3
2018-09-07 17:25:35,196 DEBUG (BaseJdbcLogger.java:181)- ==>  Preparing: select count(p.id) from product p 
2018-09-07 17:25:35,197 DEBUG (BaseJdbcLogger.java:181)- ==> Parameters: 
2018-09-07 17:25:35,198 DEBUG (BaseJdbcLogger.java:181)- <==      Total: 1
2018-09-07 17:25:35,199 DEBUG (BaseJdbcLogger.java:181)- ==>  Preparing: select p.id,p.name,p.code,p.market_price,p.base_price, b.id as bid,b.name as bname, c.id as cid,c.name as cname from product p left join brand b on p.brand_id = b.id left join catalog c on p.catalog_id = c.id order by p.id desc limit ?,? 
2018-09-07 17:25:35,200 DEBUG (BaseJdbcLogger.java:181)- ==> Parameters: 0(Integer), 5(Integer)
2018-09-07 17:25:35,202 DEBUG (BaseJdbcLogger.java:181)- <==      Total: 3
2018-09-07 17:25:35,648 DEBUG (BaseJdbcLogger.java:181)- ==>  Preparing: select id, name, code, sort, p_id, is_parent from catalog order by sort 
2018-09-07 17:25:35,649 DEBUG (BaseJdbcLogger.java:181)- ==> Parameters: 
2018-09-07 17:25:35,658 DEBUG (BaseJdbcLogger.java:181)- <==      Total: 72
2018-09-07 17:25:35,667 DEBUG (BaseJdbcLogger.java:181)- ==>  Preparing: select id, name, created_date, sort, logo, description, url from brand 
2018-09-07 17:25:35,667 DEBUG (BaseJdbcLogger.java:181)- ==> Parameters: 
2018-09-07 17:25:35,672 DEBUG (BaseJdbcLogger.java:181)- <==      Total: 13
2018-09-07 17:25:36,785 DEBUG (BaseJdbcLogger.java:181)- ==>  Preparing: select count(p.id) from product p 
2018-09-07 17:25:36,786 DEBUG (BaseJdbcLogger.java:181)- ==> Parameters: 
2018-09-07 17:25:36,787 DEBUG (BaseJdbcLogger.java:181)- <==      Total: 1
2018-09-07 17:25:36,789 DEBUG (BaseJdbcLogger.java:181)- ==>  Preparing: select p.id,p.name,p.code,p.market_price,p.base_price, b.id as bid,b.name as bname, c.id as cid,c.name as cname from product p left join brand b on p.brand_id = b.id left join catalog c on p.catalog_id = c.id order by p.id desc limit ?,? 
2018-09-07 17:25:36,790 DEBUG (BaseJdbcLogger.java:181)- ==> Parameters: 0(Integer), 5(Integer)
2018-09-07 17:25:36,792 DEBUG (BaseJdbcLogger.java:181)- <==      Total: 3
2018-09-07 17:25:37,879 DEBUG (BaseJdbcLogger.java:181)- ==>  Preparing: select id, name, code, sort, p_id, is_parent from catalog order by sort 
2018-09-07 17:25:37,879 DEBUG (BaseJdbcLogger.java:181)- ==> Parameters: 
2018-09-07 17:25:37,887 DEBUG (BaseJdbcLogger.java:181)- <==      Total: 72
2018-09-07 17:25:37,891 DEBUG (BaseJdbcLogger.java:181)- ==>  Preparing: select id, name, created_date, sort, logo, description, url from brand 
2018-09-07 17:25:37,892 DEBUG (BaseJdbcLogger.java:181)- ==> Parameters: 
2018-09-07 17:25:37,895 DEBUG (BaseJdbcLogger.java:181)- <==      Total: 13
2018-09-07 17:25:42,718 DEBUG (BaseJdbcLogger.java:181)- ==>  Preparing: select count(p.id) from product p 
2018-09-07 17:25:42,719 DEBUG (BaseJdbcLogger.java:181)- ==> Parameters: 
2018-09-07 17:25:42,720 DEBUG (BaseJdbcLogger.java:181)- <==      Total: 1
2018-09-07 17:25:42,721 DEBUG (BaseJdbcLogger.java:181)- ==>  Preparing: select p.id,p.name,p.code,p.market_price,p.base_price, b.id as bid,b.name as bname, c.id as cid,c.name as cname from product p left join brand b on p.brand_id = b.id left join catalog c on p.catalog_id = c.id order by p.id desc limit ?,? 
2018-09-07 17:25:42,723 DEBUG (BaseJdbcLogger.java:181)- ==> Parameters: 0(Integer), 5(Integer)
2018-09-07 17:25:42,725 DEBUG (BaseJdbcLogger.java:181)- <==      Total: 3
2018-09-07 17:25:44,568 DEBUG (BaseJdbcLogger.java:181)- ==>  Preparing: select id, name, code, sort, p_id, is_parent from catalog order by sort 
2018-09-07 17:25:44,569 DEBUG (BaseJdbcLogger.java:181)- ==> Parameters: 
2018-09-07 17:25:44,574 DEBUG (BaseJdbcLogger.java:181)- <==      Total: 72
2018-09-07 17:25:44,578 DEBUG (BaseJdbcLogger.java:181)- ==>  Preparing: select id, name, created_date, sort, logo, description, url from brand 
2018-09-07 17:25:44,578 DEBUG (BaseJdbcLogger.java:181)- ==> Parameters: 
2018-09-07 17:25:44,580 DEBUG (BaseJdbcLogger.java:181)- <==      Total: 13
2018-09-07 17:41:24,232 INFO (StartupInfoLogger.java:48)- Starting GoodsServerApplication on DESKTOP-5ARIRLN with PID 14252 (D:\data\src\shop-parent\shop-goods-server\target\classes started by WangZhe in D:\data\src\shop-parent)
2018-09-07 17:41:24,239 DEBUG (StartupInfoLogger.java:51)- Running with Spring Boot v1.5.14.RELEASE, Spring v4.3.18.RELEASE
2018-09-07 17:41:24,239 INFO (SpringApplication.java:593)- No active profile set, falling back to default profiles: default
2018-09-07 17:41:36,876 INFO (StartupInfoLogger.java:57)- Started GoodsServerApplication in 13.494 seconds (JVM running for 14.119)
2018-09-07 17:45:30,282 DEBUG (BaseJdbcLogger.java:181)- ==>  Preparing: select id, name, code, sort, p_id, is_parent from catalog order by sort 
2018-09-07 17:45:30,310 DEBUG (BaseJdbcLogger.java:181)- ==> Parameters: 
2018-09-07 17:45:30,337 DEBUG (BaseJdbcLogger.java:181)- <==      Total: 72
2018-09-07 17:45:30,553 DEBUG (BaseJdbcLogger.java:181)- ==>  Preparing: select id, name, code, sort, p_id, is_parent from catalog where p_id = ? order by sort 
2018-09-07 17:45:30,553 DEBUG (BaseJdbcLogger.java:181)- ==> Parameters: 1(Long)
2018-09-07 17:45:30,555 DEBUG (BaseJdbcLogger.java:181)- <==      Total: 10
2018-09-07 17:45:30,636 DEBUG (BaseJdbcLogger.java:181)- ==>  Preparing: select count(id) from product where catalog_id = ? 
2018-09-07 17:45:30,637 DEBUG (BaseJdbcLogger.java:181)- ==> Parameters: 7(Long)
2018-09-07 17:45:30,640 DEBUG (BaseJdbcLogger.java:181)- <==      Total: 1
2018-09-07 17:45:30,741 DEBUG (BaseJdbcLogger.java:181)- ==>  Preparing: select count(id) from product where catalog_id = ? 
2018-09-07 17:45:30,741 DEBUG (BaseJdbcLogger.java:181)- ==> Parameters: 20(Long)
2018-09-07 17:45:30,742 DEBUG (BaseJdbcLogger.java:181)- <==      Total: 1
2018-09-07 17:45:30,841 DEBUG (BaseJdbcLogger.java:181)- ==>  Preparing: select count(id) from product where catalog_id = ? 
2018-09-07 17:45:30,841 DEBUG (BaseJdbcLogger.java:181)- ==> Parameters: 8(Long)
2018-09-07 17:45:30,842 DEBUG (BaseJdbcLogger.java:181)- <==      Total: 1
2018-09-07 17:45:30,939 DEBUG (BaseJdbcLogger.java:181)- ==>  Preparing: select count(id) from product where catalog_id = ? 
2018-09-07 17:45:30,940 DEBUG (BaseJdbcLogger.java:181)- ==> Parameters: 2(Long)
2018-09-07 17:45:30,941 DEBUG (BaseJdbcLogger.java:181)- <==      Total: 1
2018-09-07 17:45:31,039 DEBUG (BaseJdbcLogger.java:181)- ==>  Preparing: select count(id) from product where catalog_id = ? 
2018-09-07 17:45:31,040 DEBUG (BaseJdbcLogger.java:181)- ==> Parameters: 15(Long)
2018-09-07 17:45:31,041 DEBUG (BaseJdbcLogger.java:181)- <==      Total: 1
2018-09-07 17:45:31,139 DEBUG (BaseJdbcLogger.java:181)- ==>  Preparing: select count(id) from product where catalog_id = ? 
2018-09-07 17:45:31,140 DEBUG (BaseJdbcLogger.java:181)- ==> Parameters: 13(Long)
2018-09-07 17:45:31,141 DEBUG (BaseJdbcLogger.java:181)- <==      Total: 1
2018-09-07 17:45:31,239 DEBUG (BaseJdbcLogger.java:181)- ==>  Preparing: select count(id) from product where catalog_id = ? 
2018-09-07 17:45:31,239 DEBUG (BaseJdbcLogger.java:181)- ==> Parameters: 9(Long)
2018-09-07 17:45:31,240 DEBUG (BaseJdbcLogger.java:181)- <==      Total: 1
2018-09-07 17:45:31,337 DEBUG (BaseJdbcLogger.java:181)- ==>  Preparing: select count(id) from product where catalog_id = ? 
2018-09-07 17:45:31,338 DEBUG (BaseJdbcLogger.java:181)- ==> Parameters: 17(Long)
2018-09-07 17:45:31,338 DEBUG (BaseJdbcLogger.java:181)- <==      Total: 1
2018-09-07 17:45:31,437 DEBUG (BaseJdbcLogger.java:181)- ==>  Preparing: select count(id) from product where catalog_id = ? 
2018-09-07 17:45:31,437 DEBUG (BaseJdbcLogger.java:181)- ==> Parameters: 18(Long)
2018-09-07 17:45:31,438 DEBUG (BaseJdbcLogger.java:181)- <==      Total: 1
2018-09-07 17:45:31,538 DEBUG (BaseJdbcLogger.java:181)- ==>  Preparing: select count(id) from product where catalog_id = ? 
2018-09-07 17:45:31,538 DEBUG (BaseJdbcLogger.java:181)- ==> Parameters: 19(Long)
2018-09-07 17:45:31,539 DEBUG (BaseJdbcLogger.java:181)- <==      Total: 1
2018-09-07 17:45:32,759 DEBUG (BaseJdbcLogger.java:181)- ==>  Preparing: select id, name, code, sort, p_id, is_parent from catalog where p_id = ? order by sort 
2018-09-07 17:45:32,760 DEBUG (BaseJdbcLogger.java:181)- ==> Parameters: 28(Long)
2018-09-07 17:45:32,762 DEBUG (BaseJdbcLogger.java:181)- <==      Total: 2
2018-09-07 17:45:32,836 DEBUG (BaseJdbcLogger.java:181)- ==>  Preparing: select count(id) from product where catalog_id = ? 
2018-09-07 17:45:32,837 DEBUG (BaseJdbcLogger.java:181)- ==> Parameters: 54(Long)
2018-09-07 17:45:32,838 DEBUG (BaseJdbcLogger.java:181)- <==      Total: 1
2018-09-07 17:45:32,937 DEBUG (BaseJdbcLogger.java:181)- ==>  Preparing: select count(id) from product where catalog_id = ? 
2018-09-07 17:45:32,939 DEBUG (BaseJdbcLogger.java:181)- ==> Parameters: 55(Long)
2018-09-07 17:45:32,942 DEBUG (BaseJdbcLogger.java:181)- <==      Total: 1
2018-09-07 17:45:34,172 DEBUG (BaseJdbcLogger.java:181)- ==>  Preparing: select id, name, code, sort, p_id, is_parent from catalog where p_id = ? order by sort 
2018-09-07 17:45:34,173 DEBUG (BaseJdbcLogger.java:181)- ==> Parameters: 54(Long)
2018-09-07 17:45:34,175 DEBUG (BaseJdbcLogger.java:181)- <==      Total: 0
2018-09-07 17:45:34,669 DEBUG (BaseJdbcLogger.java:181)- ==>  Preparing: select id, name, code, sort, p_id, is_parent from catalog where p_id = ? order by sort 
2018-09-07 17:45:34,670 DEBUG (BaseJdbcLogger.java:181)- ==> Parameters: 55(Long)
2018-09-07 17:45:34,671 DEBUG (BaseJdbcLogger.java:181)- <==      Total: 0
2018-09-07 17:45:35,490 DEBUG (BaseJdbcLogger.java:181)- ==>  Preparing: select id, name, code, sort, p_id, is_parent from catalog where p_id = ? order by sort 
2018-09-07 17:45:35,491 DEBUG (BaseJdbcLogger.java:181)- ==> Parameters: 28(Long)
2018-09-07 17:45:35,492 DEBUG (BaseJdbcLogger.java:181)- <==      Total: 2
2018-09-07 17:45:36,463 DEBUG (BaseJdbcLogger.java:181)- ==>  Preparing: select id, name, code, sort, p_id, is_parent from catalog where p_id = ? order by sort 
2018-09-07 17:45:36,464 DEBUG (BaseJdbcLogger.java:181)- ==> Parameters: 29(Long)
2018-09-07 17:45:36,465 DEBUG (BaseJdbcLogger.java:181)- <==      Total: 2
2018-09-07 17:45:36,538 DEBUG (BaseJdbcLogger.java:181)- ==>  Preparing: select count(id) from product where catalog_id = ? 
2018-09-07 17:45:36,538 DEBUG (BaseJdbcLogger.java:181)- ==> Parameters: 56(Long)
2018-09-07 17:45:36,539 DEBUG (BaseJdbcLogger.java:181)- <==      Total: 1
2018-09-07 17:45:36,637 DEBUG (BaseJdbcLogger.java:181)- ==>  Preparing: select count(id) from product where catalog_id = ? 
2018-09-07 17:45:36,638 DEBUG (BaseJdbcLogger.java:181)- ==> Parameters: 57(Long)
2018-09-07 17:45:36,639 DEBUG (BaseJdbcLogger.java:181)- <==      Total: 1
2018-09-07 17:45:36,956 DEBUG (BaseJdbcLogger.java:181)- ==>  Preparing: select id, name, code, sort, p_id, is_parent from catalog where p_id = ? order by sort 
2018-09-07 17:45:36,957 DEBUG (BaseJdbcLogger.java:181)- ==> Parameters: 20(Long)
2018-09-07 17:45:36,958 DEBUG (BaseJdbcLogger.java:181)- <==      Total: 2
2018-09-07 17:45:37,032 DEBUG (BaseJdbcLogger.java:181)- ==>  Preparing: select count(id) from product where catalog_id = ? 
2018-09-07 17:45:37,033 DEBUG (BaseJdbcLogger.java:181)- ==> Parameters: 45(Long)
2018-09-07 17:45:37,033 DEBUG (BaseJdbcLogger.java:181)- <==      Total: 1
2018-09-07 17:45:37,131 DEBUG (BaseJdbcLogger.java:181)- ==>  Preparing: select count(id) from product where catalog_id = ? 
2018-09-07 17:45:37,132 DEBUG (BaseJdbcLogger.java:181)- ==> Parameters: 44(Long)
2018-09-07 17:45:37,133 DEBUG (BaseJdbcLogger.java:181)- <==      Total: 1
2018-09-07 17:45:38,757 DEBUG (BaseJdbcLogger.java:181)- ==>  Preparing: select id, name, code, sort, p_id, is_parent from catalog where p_id = ? order by sort 
2018-09-07 17:45:38,757 DEBUG (BaseJdbcLogger.java:181)- ==> Parameters: 45(Long)
2018-09-07 17:45:38,759 DEBUG (BaseJdbcLogger.java:181)- <==      Total: 1
2018-09-07 17:45:38,833 DEBUG (BaseJdbcLogger.java:181)- ==>  Preparing: select count(id) from product where catalog_id = ? 
2018-09-07 17:45:38,833 DEBUG (BaseJdbcLogger.java:181)- ==> Parameters: 84(Long)
2018-09-07 17:45:38,834 DEBUG (BaseJdbcLogger.java:181)- <==      Total: 1
2018-09-07 17:45:39,397 DEBUG (BaseJdbcLogger.java:181)- ==>  Preparing: select id, name, code, sort, p_id, is_parent from catalog where p_id = ? order by sort 
2018-09-07 17:45:39,397 DEBUG (BaseJdbcLogger.java:181)- ==> Parameters: 44(Long)
2018-09-07 17:45:39,398 DEBUG (BaseJdbcLogger.java:181)- <==      Total: 1
2018-09-07 17:45:39,473 DEBUG (BaseJdbcLogger.java:181)- ==>  Preparing: select count(id) from product where catalog_id = ? 
2018-09-07 17:45:39,473 DEBUG (BaseJdbcLogger.java:181)- ==> Parameters: 83(Long)
2018-09-07 17:45:39,474 DEBUG (BaseJdbcLogger.java:181)- <==      Total: 1
2018-09-07 17:45:40,360 DEBUG (BaseJdbcLogger.java:181)- ==>  Preparing: select id, name, code, sort, p_id, is_parent from catalog where p_id = ? order by sort 
2018-09-07 17:45:40,361 DEBUG (BaseJdbcLogger.java:181)- ==> Parameters: 2(Long)
2018-09-07 17:45:40,362 DEBUG (BaseJdbcLogger.java:181)- <==      Total: 4
2018-09-07 17:45:40,437 DEBUG (BaseJdbcLogger.java:181)- ==>  Preparing: select count(id) from product where catalog_id = ? 
2018-09-07 17:45:40,438 DEBUG (BaseJdbcLogger.java:181)- ==> Parameters: 27(Long)
2018-09-07 17:45:40,438 DEBUG (BaseJdbcLogger.java:181)- <==      Total: 1
2018-09-07 17:45:40,537 DEBUG (BaseJdbcLogger.java:181)- ==>  Preparing: select count(id) from product where catalog_id = ? 
2018-09-07 17:45:40,537 DEBUG (BaseJdbcLogger.java:181)- ==> Parameters: 24(Long)
2018-09-07 17:45:40,538 DEBUG (BaseJdbcLogger.java:181)- <==      Total: 1
2018-09-07 17:45:40,635 DEBUG (BaseJdbcLogger.java:181)- ==>  Preparing: select count(id) from product where catalog_id = ? 
2018-09-07 17:45:40,635 DEBUG (BaseJdbcLogger.java:181)- ==> Parameters: 26(Long)
2018-09-07 17:45:40,636 DEBUG (BaseJdbcLogger.java:181)- <==      Total: 1
2018-09-07 17:45:40,733 DEBUG (BaseJdbcLogger.java:181)- ==>  Preparing: select count(id) from product where catalog_id = ? 
2018-09-07 17:45:40,734 DEBUG (BaseJdbcLogger.java:181)- ==> Parameters: 25(Long)
2018-09-07 17:45:40,734 DEBUG (BaseJdbcLogger.java:181)- <==      Total: 1
2018-09-07 17:45:54,936 DEBUG (BaseJdbcLogger.java:181)- ==>  Preparing: select id, name, code, sort, p_id, is_parent from catalog where p_id = ? order by sort 
2018-09-07 17:45:54,937 DEBUG (BaseJdbcLogger.java:181)- ==> Parameters: 15(Long)
2018-09-07 17:45:54,938 DEBUG (BaseJdbcLogger.java:181)- <==      Total: 2
2018-09-07 17:45:55,012 DEBUG (BaseJdbcLogger.java:181)- ==>  Preparing: select count(id) from product where catalog_id = ? 
2018-09-07 17:45:55,013 DEBUG (BaseJdbcLogger.java:181)- ==> Parameters: 36(Long)
2018-09-07 17:45:55,014 DEBUG (BaseJdbcLogger.java:181)- <==      Total: 1
2018-09-07 17:45:55,111 DEBUG (BaseJdbcLogger.java:181)- ==>  Preparing: select count(id) from product where catalog_id = ? 
2018-09-07 17:45:55,112 DEBUG (BaseJdbcLogger.java:181)- ==> Parameters: 37(Long)
2018-09-07 17:45:55,112 DEBUG (BaseJdbcLogger.java:181)- <==      Total: 1
2018-09-07 17:45:55,680 DEBUG (BaseJdbcLogger.java:181)- ==>  Preparing: select id, name, code, sort, p_id, is_parent from catalog where p_id = ? order by sort 
2018-09-07 17:45:55,680 DEBUG (BaseJdbcLogger.java:181)- ==> Parameters: 13(Long)
2018-09-07 17:45:55,682 DEBUG (BaseJdbcLogger.java:181)- <==      Total: 2
2018-09-07 17:45:55,757 DEBUG (BaseJdbcLogger.java:181)- ==>  Preparing: select count(id) from product where catalog_id = ? 
2018-09-07 17:45:55,757 DEBUG (BaseJdbcLogger.java:181)- ==> Parameters: 34(Long)
2018-09-07 17:45:55,758 DEBUG (BaseJdbcLogger.java:181)- <==      Total: 1
2018-09-07 17:45:55,856 DEBUG (BaseJdbcLogger.java:181)- ==>  Preparing: select count(id) from product where catalog_id = ? 
2018-09-07 17:45:55,856 DEBUG (BaseJdbcLogger.java:181)- ==> Parameters: 35(Long)
2018-09-07 17:45:55,857 DEBUG (BaseJdbcLogger.java:181)- <==      Total: 1
2018-09-07 17:45:56,249 DEBUG (BaseJdbcLogger.java:181)- ==>  Preparing: select id, name, code, sort, p_id, is_parent from catalog where p_id = ? order by sort 
2018-09-07 17:45:56,249 DEBUG (BaseJdbcLogger.java:181)- ==> Parameters: 17(Long)
2018-09-07 17:45:56,250 DEBUG (BaseJdbcLogger.java:181)- <==      Total: 2
2018-09-07 17:45:56,324 DEBUG (BaseJdbcLogger.java:181)- ==>  Preparing: select count(id) from product where catalog_id = ? 
2018-09-07 17:45:56,326 DEBUG (BaseJdbcLogger.java:181)- ==> Parameters: 38(Long)
2018-09-07 17:45:56,330 DEBUG (BaseJdbcLogger.java:181)- <==      Total: 1
2018-09-07 17:45:56,433 DEBUG (BaseJdbcLogger.java:181)- ==>  Preparing: select count(id) from product where catalog_id = ? 
2018-09-07 17:45:56,433 DEBUG (BaseJdbcLogger.java:181)- ==> Parameters: 39(Long)
2018-09-07 17:45:56,434 DEBUG (BaseJdbcLogger.java:181)- <==      Total: 1
2018-09-07 17:45:56,870 DEBUG (BaseJdbcLogger.java:181)- ==>  Preparing: select id, name, code, sort, p_id, is_parent from catalog where p_id = ? order by sort 
2018-09-07 17:45:56,870 DEBUG (BaseJdbcLogger.java:181)- ==> Parameters: 18(Long)
2018-09-07 17:45:56,871 DEBUG (BaseJdbcLogger.java:181)- <==      Total: 2
2018-09-07 17:45:56,946 DEBUG (BaseJdbcLogger.java:181)- ==>  Preparing: select count(id) from product where catalog_id = ? 
2018-09-07 17:45:56,948 DEBUG (BaseJdbcLogger.java:181)- ==> Parameters: 40(Long)
2018-09-07 17:45:56,950 DEBUG (BaseJdbcLogger.java:181)- <==      Total: 1
2018-09-07 17:45:57,051 DEBUG (BaseJdbcLogger.java:181)- ==>  Preparing: select count(id) from product where catalog_id = ? 
2018-09-07 17:45:57,051 DEBUG (BaseJdbcLogger.java:181)- ==> Parameters: 41(Long)
2018-09-07 17:45:57,055 DEBUG (BaseJdbcLogger.java:181)- <==      Total: 1
2018-09-07 17:46:00,296 DEBUG (BaseJdbcLogger.java:181)- ==>  Preparing: select id, name, code, sort, p_id, is_parent from catalog where p_id = ? order by sort 
2018-09-07 17:46:00,297 DEBUG (BaseJdbcLogger.java:181)- ==> Parameters: 19(Long)
2018-09-07 17:46:00,298 DEBUG (BaseJdbcLogger.java:181)- <==      Total: 2
2018-09-07 17:46:00,372 DEBUG (BaseJdbcLogger.java:181)- ==>  Preparing: select count(id) from product where catalog_id = ? 
2018-09-07 17:46:00,373 DEBUG (BaseJdbcLogger.java:181)- ==> Parameters: 42(Long)
2018-09-07 17:46:00,374 DEBUG (BaseJdbcLogger.java:181)- <==      Total: 1
2018-09-07 17:46:00,472 DEBUG (BaseJdbcLogger.java:181)- ==>  Preparing: select count(id) from product where catalog_id = ? 
2018-09-07 17:46:00,473 DEBUG (BaseJdbcLogger.java:181)- ==> Parameters: 43(Long)
2018-09-07 17:46:00,473 DEBUG (BaseJdbcLogger.java:181)- <==      Total: 1
2018-09-07 17:46:01,928 DEBUG (BaseJdbcLogger.java:181)- ==>  Preparing: select id, name, code, sort, p_id, is_parent from catalog where p_id = ? order by sort 
2018-09-07 17:46:01,929 DEBUG (BaseJdbcLogger.java:181)- ==> Parameters: 54(Long)
2018-09-07 17:46:01,929 DEBUG (BaseJdbcLogger.java:181)- <==      Total: 0
2018-09-07 17:46:02,468 DEBUG (BaseJdbcLogger.java:181)- ==>  Preparing: select id, name, code, sort, p_id, is_parent from catalog where p_id = ? order by sort 
2018-09-07 17:46:02,469 DEBUG (BaseJdbcLogger.java:181)- ==> Parameters: 28(Long)
2018-09-07 17:46:02,471 DEBUG (BaseJdbcLogger.java:181)- <==      Total: 2
2018-09-07 17:46:02,882 DEBUG (BaseJdbcLogger.java:181)- ==>  Preparing: select id, name, code, sort, p_id, is_parent from catalog where p_id = ? order by sort 
2018-09-07 17:46:02,883 DEBUG (BaseJdbcLogger.java:181)- ==> Parameters: 7(Long)
2018-09-07 17:46:02,884 DEBUG (BaseJdbcLogger.java:181)- <==      Total: 2
2018-09-07 17:46:02,958 DEBUG (BaseJdbcLogger.java:181)- ==>  Preparing: select count(id) from product where catalog_id = ? 
2018-09-07 17:46:02,959 DEBUG (BaseJdbcLogger.java:181)- ==> Parameters: 28(Long)
2018-09-07 17:46:02,960 DEBUG (BaseJdbcLogger.java:181)- <==      Total: 1
2018-09-07 17:46:03,057 DEBUG (BaseJdbcLogger.java:181)- ==>  Preparing: select count(id) from product where catalog_id = ? 
2018-09-07 17:46:03,057 DEBUG (BaseJdbcLogger.java:181)- ==> Parameters: 29(Long)
2018-09-07 17:46:03,058 DEBUG (BaseJdbcLogger.java:181)- <==      Total: 1
2018-09-07 17:46:03,373 DEBUG (BaseJdbcLogger.java:181)- ==>  Preparing: select id, name, code, sort, p_id, is_parent from catalog where p_id = ? order by sort 
2018-09-07 17:46:03,373 DEBUG (BaseJdbcLogger.java:181)- ==> Parameters: 1(Long)
2018-09-07 17:46:03,375 DEBUG (BaseJdbcLogger.java:181)- <==      Total: 10
2018-09-07 17:46:08,031 DEBUG (BaseJdbcLogger.java:181)- ==>  Preparing: select id, catalog_id, name, sort, type from property where catalog_id = ? order by sort 
2018-09-07 17:46:08,032 DEBUG (BaseJdbcLogger.java:181)- ==> Parameters: 1(Long)
2018-09-07 17:46:08,045 DEBUG (BaseJdbcLogger.java:181)- <==      Total: 0
2018-09-07 17:46:10,113 DEBUG (BaseJdbcLogger.java:181)- ==>  Preparing: select count(p.id) from product p 
2018-09-07 17:46:10,114 DEBUG (BaseJdbcLogger.java:181)- ==> Parameters: 
2018-09-07 17:46:10,115 DEBUG (BaseJdbcLogger.java:181)- <==      Total: 1
2018-09-07 17:46:10,115 DEBUG (BaseJdbcLogger.java:181)- ==>  Preparing: select p.id,p.name,p.code,p.market_price,p.base_price, b.id as bid,b.name as bname, c.id as cid,c.name as cname from product p left join brand b on p.brand_id = b.id left join catalog c on p.catalog_id = c.id order by p.id desc limit ?,? 
2018-09-07 17:46:10,116 DEBUG (BaseJdbcLogger.java:181)- ==> Parameters: 0(Integer), 5(Integer)
2018-09-07 17:46:10,118 DEBUG (BaseJdbcLogger.java:181)- <==      Total: 3
2018-09-07 17:46:13,551 DEBUG (BaseJdbcLogger.java:181)- ==>  Preparing: select id, name, code, sort, p_id, is_parent from catalog order by sort 
2018-09-07 17:46:13,552 DEBUG (BaseJdbcLogger.java:181)- ==> Parameters: 
2018-09-07 17:46:13,556 DEBUG (BaseJdbcLogger.java:181)- <==      Total: 72
2018-09-07 17:46:13,565 DEBUG (BaseJdbcLogger.java:181)- ==>  Preparing: select id, name, created_date, sort, logo, description, url from brand 
2018-09-07 17:46:13,566 DEBUG (BaseJdbcLogger.java:181)- ==> Parameters: 
2018-09-07 17:46:13,570 DEBUG (BaseJdbcLogger.java:181)- <==      Total: 13
2018-09-07 17:46:16,245 DEBUG (BaseJdbcLogger.java:181)- ==>  Preparing: select count(p.id) from product p 
2018-09-07 17:46:16,245 DEBUG (BaseJdbcLogger.java:181)- ==> Parameters: 
2018-09-07 17:46:16,246 DEBUG (BaseJdbcLogger.java:181)- <==      Total: 1
2018-09-07 17:46:16,247 DEBUG (BaseJdbcLogger.java:181)- ==>  Preparing: select p.id,p.name,p.code,p.market_price,p.base_price, b.id as bid,b.name as bname, c.id as cid,c.name as cname from product p left join brand b on p.brand_id = b.id left join catalog c on p.catalog_id = c.id order by p.id desc limit ?,? 
2018-09-07 17:46:16,247 DEBUG (BaseJdbcLogger.java:181)- ==> Parameters: 0(Integer), 5(Integer)
2018-09-07 17:46:16,248 DEBUG (BaseJdbcLogger.java:181)- <==      Total: 3
2018-09-07 17:46:17,266 DEBUG (BaseJdbcLogger.java:181)- ==>  Preparing: select id, catalog_id, name, sort from sku_property where catalog_id = ? order by sort 
2018-09-07 17:46:17,267 DEBUG (BaseJdbcLogger.java:181)- ==> Parameters: 1(Long)
2018-09-07 17:46:17,276 DEBUG (BaseJdbcLogger.java:181)- <==      Total: 0
2018-09-07 17:46:18,419 DEBUG (BaseJdbcLogger.java:181)- ==>  Preparing: select id, catalog_id, name, sort from sku_property where catalog_id = ? order by sort 
2018-09-07 17:46:18,419 DEBUG (BaseJdbcLogger.java:181)- ==> Parameters: 7(Long)
2018-09-07 17:46:18,420 DEBUG (BaseJdbcLogger.java:181)- <==      Total: 0
2018-09-07 17:46:19,119 DEBUG (BaseJdbcLogger.java:181)- ==>  Preparing: select id, catalog_id, name, sort from sku_property where catalog_id = ? order by sort 
2018-09-07 17:46:19,120 DEBUG (BaseJdbcLogger.java:181)- ==> Parameters: 20(Long)
2018-09-07 17:46:19,121 DEBUG (BaseJdbcLogger.java:181)- <==      Total: 0
2018-09-07 17:46:20,687 DEBUG (BaseJdbcLogger.java:181)- ==>  Preparing: select id, catalog_id, name, sort from sku_property where catalog_id = ? order by sort 
2018-09-07 17:46:20,688 DEBUG (BaseJdbcLogger.java:181)- ==> Parameters: 45(Long)
2018-09-07 17:46:20,688 DEBUG (BaseJdbcLogger.java:181)- <==      Total: 0
2018-09-07 17:46:21,808 DEBUG (BaseJdbcLogger.java:181)- ==>  Preparing: select id, catalog_id, name, sort from sku_property where catalog_id = ? order by sort 
2018-09-07 17:46:21,808 DEBUG (BaseJdbcLogger.java:181)- ==> Parameters: 44(Long)
2018-09-07 17:46:21,809 DEBUG (BaseJdbcLogger.java:181)- <==      Total: 0
2018-09-07 17:46:23,496 DEBUG (BaseJdbcLogger.java:181)- ==>  Preparing: select id, catalog_id, name, sort from sku_property where catalog_id = ? order by sort 
2018-09-07 17:46:23,496 DEBUG (BaseJdbcLogger.java:181)- ==> Parameters: 84(Long)
2018-09-07 17:46:23,497 DEBUG (BaseJdbcLogger.java:181)- <==      Total: 0
2018-09-07 17:46:25,490 DEBUG (BaseJdbcLogger.java:181)- ==>  Preparing: select id, catalog_id, name, sort from sku_property where catalog_id = ? order by sort 
2018-09-07 17:46:25,491 DEBUG (BaseJdbcLogger.java:181)- ==> Parameters: 83(Long)
2018-09-07 17:46:25,491 DEBUG (BaseJdbcLogger.java:181)- <==      Total: 0
2018-09-07 17:46:27,976 DEBUG (BaseJdbcLogger.java:181)- ==>  Preparing: select id, catalog_id, name, sort from sku_property where catalog_id = ? order by sort 
2018-09-07 17:46:27,976 DEBUG (BaseJdbcLogger.java:181)- ==> Parameters: 54(Long)
2018-09-07 17:46:27,977 DEBUG (BaseJdbcLogger.java:181)- <==      Total: 3
2018-09-07 17:46:28,566 DEBUG (BaseJdbcLogger.java:181)- ==>  Preparing: select id, catalog_id, name, sort from sku_property where catalog_id = ? order by sort 
2018-09-07 17:46:28,566 DEBUG (BaseJdbcLogger.java:181)- ==> Parameters: 55(Long)
2018-09-07 17:46:28,567 DEBUG (BaseJdbcLogger.java:181)- <==      Total: 0
2018-09-07 17:46:29,663 DEBUG (BaseJdbcLogger.java:181)- ==>  Preparing: select id, catalog_id, name, sort from sku_property where catalog_id = ? order by sort 
2018-09-07 17:46:29,664 DEBUG (BaseJdbcLogger.java:181)- ==> Parameters: 54(Long)
2018-09-07 17:46:29,665 DEBUG (BaseJdbcLogger.java:181)- <==      Total: 3
2018-09-07 17:46:31,210 DEBUG (BaseJdbcLogger.java:181)- ==>  Preparing: select id, catalog_id, name, sort from sku_property where catalog_id = ? order by sort 
2018-09-07 17:46:31,210 DEBUG (BaseJdbcLogger.java:181)- ==> Parameters: 56(Long)
2018-09-07 17:46:31,211 DEBUG (BaseJdbcLogger.java:181)- <==      Total: 0
2018-09-07 17:46:31,657 DEBUG (BaseJdbcLogger.java:181)- ==>  Preparing: select id, catalog_id, name, sort from sku_property where catalog_id = ? order by sort 
2018-09-07 17:46:31,658 DEBUG (BaseJdbcLogger.java:181)- ==> Parameters: 57(Long)
2018-09-07 17:46:31,659 DEBUG (BaseJdbcLogger.java:181)- <==      Total: 0
2018-09-07 17:46:38,107 DEBUG (BaseJdbcLogger.java:181)- ==>  Preparing: select id, name, code, sort, p_id, is_parent from catalog where p_id = ? order by sort 
2018-09-07 17:46:38,108 DEBUG (BaseJdbcLogger.java:181)- ==> Parameters: 1(Long)
2018-09-07 17:46:38,109 DEBUG (BaseJdbcLogger.java:181)- <==      Total: 10
2018-09-07 17:48:37,339 INFO (StartupInfoLogger.java:48)- Starting MemberServerApplication on DESKTOP-5ARIRLN with PID 25220 (D:\data\src\shop-parent\shop-member-server\target\classes started by WangZhe in D:\data\src\shop-parent)
2018-09-07 17:48:37,342 DEBUG (StartupInfoLogger.java:51)- Running with Spring Boot v1.5.14.RELEASE, Spring v4.3.18.RELEASE
2018-09-07 17:48:37,342 INFO (SpringApplication.java:593)- No active profile set, falling back to default profiles: default
2018-09-07 17:48:46,768 INFO (StartupInfoLogger.java:57)- Started MemberServerApplication in 9.858 seconds (JVM running for 10.277)
2018-09-07 17:48:52,313 INFO (StartupInfoLogger.java:48)- Starting OrderServerApplication on DESKTOP-5ARIRLN with PID 25192 (D:\data\src\shop-parent\shop-order-server\target\classes started by WangZhe in D:\data\src\shop-parent)
2018-09-07 17:48:52,319 DEBUG (StartupInfoLogger.java:51)- Running with Spring Boot v1.5.14.RELEASE, Spring v4.3.18.RELEASE
2018-09-07 17:48:52,319 INFO (SpringApplication.java:593)- No active profile set, falling back to default profiles: default
2018-09-07 17:49:04,581 INFO (StartupInfoLogger.java:57)- Started OrderServerApplication in 12.686 seconds (JVM running for 13.139)
2018-09-07 19:01:24,079 DEBUG (BaseJdbcLogger.java:181)- ==>  Preparing: select id, name, code, sort, p_id, is_parent from catalog where p_id = ? order by sort 
2018-09-07 19:01:24,084 DEBUG (BaseJdbcLogger.java:181)- ==> Parameters: 7(Long)
2018-09-07 19:01:24,091 DEBUG (BaseJdbcLogger.java:181)- <==      Total: 2
2018-09-07 19:01:24,734 DEBUG (BaseJdbcLogger.java:181)- ==>  Preparing: select id, name, code, sort, p_id, is_parent from catalog where p_id = ? order by sort 
2018-09-07 19:01:24,735 DEBUG (BaseJdbcLogger.java:181)- ==> Parameters: 20(Long)
2018-09-07 19:01:24,736 DEBUG (BaseJdbcLogger.java:181)- <==      Total: 2
2018-09-07 19:01:25,775 DEBUG (BaseJdbcLogger.java:181)- ==>  Preparing: select id, name, code, sort, p_id, is_parent from catalog where p_id = ? order by sort 
2018-09-07 19:01:25,775 DEBUG (BaseJdbcLogger.java:181)- ==> Parameters: 8(Long)
2018-09-07 19:01:25,776 DEBUG (BaseJdbcLogger.java:181)- <==      Total: 2
2018-09-07 19:01:25,822 DEBUG (BaseJdbcLogger.java:181)- ==>  Preparing: select count(id) from product where catalog_id = ? 
2018-09-07 19:01:25,823 DEBUG (BaseJdbcLogger.java:181)- ==> Parameters: 30(Long)
2018-09-07 19:01:25,825 DEBUG (BaseJdbcLogger.java:181)- <==      Total: 1
2018-09-07 19:01:25,885 DEBUG (BaseJdbcLogger.java:181)- ==>  Preparing: select count(id) from product where catalog_id = ? 
2018-09-07 19:01:25,886 DEBUG (BaseJdbcLogger.java:181)- ==> Parameters: 31(Long)
2018-09-07 19:01:25,886 DEBUG (BaseJdbcLogger.java:181)- <==      Total: 1
2018-09-07 19:01:26,398 DEBUG (BaseJdbcLogger.java:181)- ==>  Preparing: select id, name, code, sort, p_id, is_parent from catalog where p_id = ? order by sort 
2018-09-07 19:01:26,399 DEBUG (BaseJdbcLogger.java:181)- ==> Parameters: 2(Long)
2018-09-07 19:01:26,400 DEBUG (BaseJdbcLogger.java:181)- <==      Total: 4
2018-09-07 19:01:27,283 DEBUG (BaseJdbcLogger.java:181)- ==>  Preparing: select id, name, code, sort, p_id, is_parent from catalog where p_id = ? order by sort 
2018-09-07 19:01:27,283 DEBUG (BaseJdbcLogger.java:181)- ==> Parameters: 15(Long)
2018-09-07 19:01:27,284 DEBUG (BaseJdbcLogger.java:181)- <==      Total: 2
2018-09-07 19:01:28,065 DEBUG (BaseJdbcLogger.java:181)- ==>  Preparing: select id, name, code, sort, p_id, is_parent from catalog where p_id = ? order by sort 
2018-09-07 19:01:28,066 DEBUG (BaseJdbcLogger.java:181)- ==> Parameters: 13(Long)
2018-09-07 19:01:28,067 DEBUG (BaseJdbcLogger.java:181)- <==      Total: 2
2018-09-07 19:01:29,557 DEBUG (BaseJdbcLogger.java:181)- ==>  Preparing: select id, name, code, sort, p_id, is_parent from catalog where p_id = ? order by sort 
2018-09-07 19:01:29,558 DEBUG (BaseJdbcLogger.java:181)- ==> Parameters: 9(Long)
2018-09-07 19:01:29,558 DEBUG (BaseJdbcLogger.java:181)- <==      Total: 2
2018-09-07 19:01:29,604 DEBUG (BaseJdbcLogger.java:181)- ==>  Preparing: select count(id) from product where catalog_id = ? 
2018-09-07 19:01:29,604 DEBUG (BaseJdbcLogger.java:181)- ==> Parameters: 32(Long)
2018-09-07 19:01:29,605 DEBUG (BaseJdbcLogger.java:181)- <==      Total: 1
2018-09-07 19:01:29,666 DEBUG (BaseJdbcLogger.java:181)- ==>  Preparing: select count(id) from product where catalog_id = ? 
2018-09-07 19:01:29,667 DEBUG (BaseJdbcLogger.java:181)- ==> Parameters: 33(Long)
2018-09-07 19:01:29,668 DEBUG (BaseJdbcLogger.java:181)- <==      Total: 1
2018-09-07 19:01:30,110 DEBUG (BaseJdbcLogger.java:181)- ==>  Preparing: select id, name, code, sort, p_id, is_parent from catalog where p_id = ? order by sort 
2018-09-07 19:01:30,111 DEBUG (BaseJdbcLogger.java:181)- ==> Parameters: 17(Long)
2018-09-07 19:01:30,112 DEBUG (BaseJdbcLogger.java:181)- <==      Total: 2
2018-09-07 19:01:30,650 DEBUG (BaseJdbcLogger.java:181)- ==>  Preparing: select id, name, code, sort, p_id, is_parent from catalog where p_id = ? order by sort 
2018-09-07 19:01:30,650 DEBUG (BaseJdbcLogger.java:181)- ==> Parameters: 18(Long)
2018-09-07 19:01:30,651 DEBUG (BaseJdbcLogger.java:181)- <==      Total: 2
2018-09-07 19:01:31,151 DEBUG (BaseJdbcLogger.java:181)- ==>  Preparing: select id, name, code, sort, p_id, is_parent from catalog where p_id = ? order by sort 
2018-09-07 19:01:31,151 DEBUG (BaseJdbcLogger.java:181)- ==> Parameters: 19(Long)
2018-09-07 19:01:31,152 DEBUG (BaseJdbcLogger.java:181)- <==      Total: 2
2018-09-07 19:01:32,309 DEBUG (BaseJdbcLogger.java:181)- ==>  Preparing: select id, name, code, sort, p_id, is_parent from catalog where p_id = ? order by sort 
2018-09-07 19:01:32,309 DEBUG (BaseJdbcLogger.java:181)- ==> Parameters: 18(Long)
2018-09-07 19:01:32,310 DEBUG (BaseJdbcLogger.java:181)- <==      Total: 2
2018-09-07 19:01:32,771 DEBUG (BaseJdbcLogger.java:181)- ==>  Preparing: select id, name, code, sort, p_id, is_parent from catalog where p_id = ? order by sort 
2018-09-07 19:01:32,772 DEBUG (BaseJdbcLogger.java:181)- ==> Parameters: 18(Long)
2018-09-07 19:01:32,773 DEBUG (BaseJdbcLogger.java:181)- <==      Total: 2
2018-09-07 19:01:33,218 DEBUG (BaseJdbcLogger.java:181)- ==>  Preparing: select id, name, code, sort, p_id, is_parent from catalog where p_id = ? order by sort 
2018-09-07 19:01:33,219 DEBUG (BaseJdbcLogger.java:181)- ==> Parameters: 17(Long)
2018-09-07 19:01:33,220 DEBUG (BaseJdbcLogger.java:181)- <==      Total: 2
2018-09-07 19:01:33,642 DEBUG (BaseJdbcLogger.java:181)- ==>  Preparing: select id, name, code, sort, p_id, is_parent from catalog where p_id = ? order by sort 
2018-09-07 19:01:33,643 DEBUG (BaseJdbcLogger.java:181)- ==> Parameters: 9(Long)
2018-09-07 19:01:33,644 DEBUG (BaseJdbcLogger.java:181)- <==      Total: 2
2018-09-07 19:01:34,055 DEBUG (BaseJdbcLogger.java:181)- ==>  Preparing: select id, name, code, sort, p_id, is_parent from catalog where p_id = ? order by sort 
2018-09-07 19:01:34,056 DEBUG (BaseJdbcLogger.java:181)- ==> Parameters: 13(Long)
2018-09-07 19:01:34,057 DEBUG (BaseJdbcLogger.java:181)- <==      Total: 2
2018-09-07 19:01:34,438 DEBUG (BaseJdbcLogger.java:181)- ==>  Preparing: select id, name, code, sort, p_id, is_parent from catalog where p_id = ? order by sort 
2018-09-07 19:01:34,438 DEBUG (BaseJdbcLogger.java:181)- ==> Parameters: 15(Long)
2018-09-07 19:01:34,439 DEBUG (BaseJdbcLogger.java:181)- <==      Total: 2
2018-09-07 19:01:34,922 DEBUG (BaseJdbcLogger.java:181)- ==>  Preparing: select id, name, code, sort, p_id, is_parent from catalog where p_id = ? order by sort 
2018-09-07 19:01:34,922 DEBUG (BaseJdbcLogger.java:181)- ==> Parameters: 2(Long)
2018-09-07 19:01:34,927 DEBUG (BaseJdbcLogger.java:181)- <==      Total: 4
2018-09-07 19:01:35,312 DEBUG (BaseJdbcLogger.java:181)- ==>  Preparing: select id, name, code, sort, p_id, is_parent from catalog where p_id = ? order by sort 
2018-09-07 19:01:35,312 DEBUG (BaseJdbcLogger.java:181)- ==> Parameters: 8(Long)
2018-09-07 19:01:35,312 DEBUG (BaseJdbcLogger.java:181)- <==      Total: 2
2018-09-07 19:01:35,772 DEBUG (BaseJdbcLogger.java:181)- ==>  Preparing: select id, name, code, sort, p_id, is_parent from catalog where p_id = ? order by sort 
2018-09-07 19:01:35,772 DEBUG (BaseJdbcLogger.java:181)- ==> Parameters: 20(Long)
2018-09-07 19:01:35,773 DEBUG (BaseJdbcLogger.java:181)- <==      Total: 2
2018-09-07 19:01:36,197 DEBUG (BaseJdbcLogger.java:181)- ==>  Preparing: select id, name, code, sort, p_id, is_parent from catalog where p_id = ? order by sort 
2018-09-07 19:01:36,197 DEBUG (BaseJdbcLogger.java:181)- ==> Parameters: 7(Long)
2018-09-07 19:01:36,198 DEBUG (BaseJdbcLogger.java:181)- <==      Total: 2
2018-09-07 19:11:40,809 DEBUG (BaseJdbcLogger.java:181)- ==>  Preparing: select id, name, code, sort, p_id, is_parent from catalog where p_id = ? order by sort 
2018-09-07 19:11:40,810 DEBUG (BaseJdbcLogger.java:181)- ==> Parameters: 8(Long)
2018-09-07 19:11:40,812 DEBUG (BaseJdbcLogger.java:181)- <==      Total: 2
2018-09-07 19:11:41,509 DEBUG (BaseJdbcLogger.java:181)- ==>  Preparing: select id, name, code, sort, p_id, is_parent from catalog where p_id = ? order by sort 
2018-09-07 19:11:41,510 DEBUG (BaseJdbcLogger.java:181)- ==> Parameters: 20(Long)
2018-09-07 19:11:41,511 DEBUG (BaseJdbcLogger.java:181)- <==      Total: 2
2018-09-07 19:11:42,826 DEBUG (BaseJdbcLogger.java:181)- ==>  Preparing: select id, name, code, sort, p_id, is_parent from catalog where p_id = ? order by sort 
2018-09-07 19:11:42,827 DEBUG (BaseJdbcLogger.java:181)- ==> Parameters: 8(Long)
2018-09-07 19:11:42,829 DEBUG (BaseJdbcLogger.java:181)- <==      Total: 2
2018-09-07 19:11:43,287 DEBUG (BaseJdbcLogger.java:181)- ==>  Preparing: select id, name, code, sort, p_id, is_parent from catalog where p_id = ? order by sort 
2018-09-07 19:11:43,287 DEBUG (BaseJdbcLogger.java:181)- ==> Parameters: 2(Long)
2018-09-07 19:11:43,288 DEBUG (BaseJdbcLogger.java:181)- <==      Total: 4
2018-09-07 19:11:44,092 DEBUG (BaseJdbcLogger.java:181)- ==>  Preparing: select id, name, code, sort, p_id, is_parent from catalog where p_id = ? order by sort 
2018-09-07 19:11:44,093 DEBUG (BaseJdbcLogger.java:181)- ==> Parameters: 15(Long)
2018-09-07 19:11:44,094 DEBUG (BaseJdbcLogger.java:181)- <==      Total: 2
2018-09-07 19:11:44,613 DEBUG (BaseJdbcLogger.java:181)- ==>  Preparing: select id, name, code, sort, p_id, is_parent from catalog where p_id = ? order by sort 
2018-09-07 19:11:44,614 DEBUG (BaseJdbcLogger.java:181)- ==> Parameters: 13(Long)
2018-09-07 19:11:44,614 DEBUG (BaseJdbcLogger.java:181)- <==      Total: 2
2018-09-07 19:11:45,387 DEBUG (BaseJdbcLogger.java:181)- ==>  Preparing: select id, name, code, sort, p_id, is_parent from catalog where p_id = ? order by sort 
2018-09-07 19:11:45,387 DEBUG (BaseJdbcLogger.java:181)- ==> Parameters: 9(Long)
2018-09-07 19:11:45,388 DEBUG (BaseJdbcLogger.java:181)- <==      Total: 2
2018-09-07 19:11:45,958 DEBUG (BaseJdbcLogger.java:181)- ==>  Preparing: select id, name, code, sort, p_id, is_parent from catalog where p_id = ? order by sort 
2018-09-07 19:11:45,959 DEBUG (BaseJdbcLogger.java:181)- ==> Parameters: 17(Long)
2018-09-07 19:11:45,960 DEBUG (BaseJdbcLogger.java:181)- <==      Total: 2
2018-09-07 19:11:46,357 DEBUG (BaseJdbcLogger.java:181)- ==>  Preparing: select id, name, code, sort, p_id, is_parent from catalog where p_id = ? order by sort 
2018-09-07 19:11:46,357 DEBUG (BaseJdbcLogger.java:181)- ==> Parameters: 18(Long)
2018-09-07 19:11:46,361 DEBUG (BaseJdbcLogger.java:181)- <==      Total: 2
2018-09-07 19:11:46,803 DEBUG (BaseJdbcLogger.java:181)- ==>  Preparing: select id, name, code, sort, p_id, is_parent from catalog where p_id = ? order by sort 
2018-09-07 19:11:46,804 DEBUG (BaseJdbcLogger.java:181)- ==> Parameters: 19(Long)
2018-09-07 19:11:46,805 DEBUG (BaseJdbcLogger.java:181)- <==      Total: 2
2018-09-07 19:11:47,234 DEBUG (BaseJdbcLogger.java:181)- ==>  Preparing: select id, name, code, sort, p_id, is_parent from catalog where p_id = ? order by sort 
2018-09-07 19:11:47,234 DEBUG (BaseJdbcLogger.java:181)- ==> Parameters: 18(Long)
2018-09-07 19:11:47,234 DEBUG (BaseJdbcLogger.java:181)- <==      Total: 2
2018-09-07 19:11:47,559 DEBUG (BaseJdbcLogger.java:181)- ==>  Preparing: select id, name, code, sort, p_id, is_parent from catalog where p_id = ? order by sort 
2018-09-07 19:11:47,560 DEBUG (BaseJdbcLogger.java:181)- ==> Parameters: 17(Long)
2018-09-07 19:11:47,561 DEBUG (BaseJdbcLogger.java:181)- <==      Total: 2
2018-09-07 19:11:47,842 DEBUG (BaseJdbcLogger.java:181)- ==>  Preparing: select id, name, code, sort, p_id, is_parent from catalog where p_id = ? order by sort 
2018-09-07 19:11:47,842 DEBUG (BaseJdbcLogger.java:181)- ==> Parameters: 9(Long)
2018-09-07 19:11:47,843 DEBUG (BaseJdbcLogger.java:181)- <==      Total: 2
2018-09-07 19:11:48,149 DEBUG (BaseJdbcLogger.java:181)- ==>  Preparing: select id, name, code, sort, p_id, is_parent from catalog where p_id = ? order by sort 
2018-09-07 19:11:48,150 DEBUG (BaseJdbcLogger.java:181)- ==> Parameters: 13(Long)
2018-09-07 19:11:48,151 DEBUG (BaseJdbcLogger.java:181)- <==      Total: 2
2018-09-07 19:11:48,449 DEBUG (BaseJdbcLogger.java:181)- ==>  Preparing: select id, name, code, sort, p_id, is_parent from catalog where p_id = ? order by sort 
2018-09-07 19:11:48,450 DEBUG (BaseJdbcLogger.java:181)- ==> Parameters: 15(Long)
2018-09-07 19:11:48,451 DEBUG (BaseJdbcLogger.java:181)- <==      Total: 2
2018-09-07 19:11:49,000 DEBUG (BaseJdbcLogger.java:181)- ==>  Preparing: select id, name, code, sort, p_id, is_parent from catalog where p_id = ? order by sort 
2018-09-07 19:11:49,001 DEBUG (BaseJdbcLogger.java:181)- ==> Parameters: 2(Long)
2018-09-07 19:11:49,002 DEBUG (BaseJdbcLogger.java:181)- <==      Total: 4
2018-09-07 19:11:49,295 DEBUG (BaseJdbcLogger.java:181)- ==>  Preparing: select id, name, code, sort, p_id, is_parent from catalog where p_id = ? order by sort 
2018-09-07 19:11:49,295 DEBUG (BaseJdbcLogger.java:181)- ==> Parameters: 8(Long)
2018-09-07 19:11:49,296 DEBUG (BaseJdbcLogger.java:181)- <==      Total: 2
2018-09-07 19:11:49,611 DEBUG (BaseJdbcLogger.java:181)- ==>  Preparing: select id, name, code, sort, p_id, is_parent from catalog where p_id = ? order by sort 
2018-09-07 19:11:49,612 DEBUG (BaseJdbcLogger.java:181)- ==> Parameters: 20(Long)
2018-09-07 19:11:49,613 DEBUG (BaseJdbcLogger.java:181)- <==      Total: 2
2018-09-07 19:11:50,008 DEBUG (BaseJdbcLogger.java:181)- ==>  Preparing: select id, name, code, sort, p_id, is_parent from catalog where p_id = ? order by sort 
2018-09-07 19:11:50,009 DEBUG (BaseJdbcLogger.java:181)- ==> Parameters: 7(Long)
2018-09-07 19:11:50,010 DEBUG (BaseJdbcLogger.java:181)- <==      Total: 2
2018-09-08 00:27:19,544 INFO (StartupInfoLogger.java:48)- Starting OrderServerApplication on DESKTOP-5ARIRLN with PID 27544 (D:\data\src\shop-parent\shop-order-server\target\classes started by WangZhe in D:\data\src\shop-parent)
2018-09-08 00:27:19,550 DEBUG (StartupInfoLogger.java:51)- Running with Spring Boot v1.5.14.RELEASE, Spring v4.3.18.RELEASE
2018-09-08 00:27:19,550 INFO (SpringApplication.java:593)- No active profile set, falling back to default profiles: default
2018-09-08 00:28:10,985 INFO (StartupInfoLogger.java:57)- Started OrderServerApplication in 51.88 seconds (JVM running for 52.33)
2018-09-08 00:28:29,245 INFO (StartupInfoLogger.java:48)- Starting OrderServerApplication on DESKTOP-5ARIRLN with PID 25236 (D:\data\src\shop-parent\shop-order-server\target\classes started by WangZhe in D:\data\src\shop-parent)
2018-09-08 00:28:29,247 DEBUG (StartupInfoLogger.java:51)- Running with Spring Boot v1.5.14.RELEASE, Spring v4.3.18.RELEASE
2018-09-08 00:28:29,248 INFO (SpringApplication.java:593)- No active profile set, falling back to default profiles: default
2018-09-08 00:29:20,751 INFO (StartupInfoLogger.java:57)- Started OrderServerApplication in 51.916 seconds (JVM running for 52.382)
2018-09-08 00:45:10,821 INFO (StartupInfoLogger.java:48)- Starting OrderServerApplication on DESKTOP-5ARIRLN with PID 2160 (D:\data\src\shop-parent\shop-order-server\target\classes started by WangZhe in D:\data\src\shop-parent)
2018-09-08 00:45:10,829 DEBUG (StartupInfoLogger.java:51)- Running with Spring Boot v1.5.14.RELEASE, Spring v4.3.18.RELEASE
2018-09-08 00:45:10,829 INFO (SpringApplication.java:593)- No active profile set, falling back to default profiles: default
2018-09-08 00:46:02,337 INFO (StartupInfoLogger.java:57)- Started OrderServerApplication in 51.942 seconds (JVM running for 52.466)
2018-09-08 00:54:57,803 INFO (StartupInfoLogger.java:48)- Starting OrderServerApplication on DESKTOP-5ARIRLN with PID 24680 (D:\data\src\shop-parent\shop-order-server\target\classes started by WangZhe in D:\data\src\shop-parent)
2018-09-08 00:54:57,807 DEBUG (StartupInfoLogger.java:51)- Running with Spring Boot v1.5.14.RELEASE, Spring v4.3.18.RELEASE
2018-09-08 00:54:57,807 INFO (SpringApplication.java:593)- No active profile set, falling back to default profiles: default
2018-09-08 00:55:49,092 INFO (StartupInfoLogger.java:57)- Started OrderServerApplication in 51.695 seconds (JVM running for 52.146)
2018-09-08 01:04:48,057 INFO (StartupInfoLogger.java:48)- Starting OrderServerApplication on DESKTOP-5ARIRLN with PID 27552 (D:\data\src\shop-parent\shop-order-server\target\classes started by WangZhe in D:\data\src\shop-parent)
2018-09-08 01:04:48,065 DEBUG (StartupInfoLogger.java:51)- Running with Spring Boot v1.5.14.RELEASE, Spring v4.3.18.RELEASE
2018-09-08 01:04:48,065 INFO (SpringApplication.java:593)- No active profile set, falling back to default profiles: default
2018-09-08 01:04:57,795 INFO (StartupInfoLogger.java:57)- Started OrderServerApplication in 10.145 seconds (JVM running for 10.59)
2018-09-08 10:20:31,100 INFO (StartupInfoLogger.java:48)- Starting OrderServerApplication on DESKTOP-5ARIRLN with PID 29344 (D:\data\src\shop-parent\shop-order-server\target\classes started by WangZhe in D:\data\src\shop-parent)
2018-09-08 10:20:31,103 DEBUG (StartupInfoLogger.java:51)- Running with Spring Boot v1.5.14.RELEASE, Spring v4.3.18.RELEASE
2018-09-08 10:20:31,103 INFO (SpringApplication.java:593)- No active profile set, falling back to default profiles: default
2018-09-08 10:21:23,538 INFO (StartupInfoLogger.java:57)- Started OrderServerApplication in 52.966 seconds (JVM running for 55.68)
2018-09-08 10:31:10,023 INFO (StartupInfoLogger.java:48)- Starting OrderServerApplication on DESKTOP-5ARIRLN with PID 20544 (D:\data\src\shop-parent\shop-order-server\target\classes started by WangZhe in D:\data\src\shop-parent)
2018-09-08 10:31:10,026 DEBUG (StartupInfoLogger.java:51)- Running with Spring Boot v1.5.14.RELEASE, Spring v4.3.18.RELEASE
2018-09-08 10:31:10,027 INFO (SpringApplication.java:593)- No active profile set, falling back to default profiles: default
2018-09-08 10:32:01,866 INFO (StartupInfoLogger.java:57)- Started OrderServerApplication in 52.26 seconds (JVM running for 52.706)
2018-09-08 10:49:00,569 INFO (StartupInfoLogger.java:48)- Starting OrderServerApplication on DESKTOP-5ARIRLN with PID 27764 (D:\data\src\shop-parent\shop-order-server\target\classes started by WangZhe in D:\data\src\shop-parent)
2018-09-08 10:49:00,573 DEBUG (StartupInfoLogger.java:51)- Running with Spring Boot v1.5.14.RELEASE, Spring v4.3.18.RELEASE
2018-09-08 10:49:00,573 INFO (SpringApplication.java:593)- No active profile set, falling back to default profiles: default
2018-09-08 10:49:52,070 INFO (StartupInfoLogger.java:57)- Started OrderServerApplication in 51.9 seconds (JVM running for 52.405)
2018-09-08 10:54:50,762 INFO (StartupInfoLogger.java:48)- Starting OrderServerApplication on DESKTOP-5ARIRLN with PID 1892 (D:\data\src\shop-parent\shop-order-server\target\classes started by WangZhe in D:\data\src\shop-parent)
2018-09-08 10:54:50,766 DEBUG (StartupInfoLogger.java:51)- Running with Spring Boot v1.5.14.RELEASE, Spring v4.3.18.RELEASE
2018-09-08 10:54:50,766 INFO (SpringApplication.java:593)- No active profile set, falling back to default profiles: default
2018-09-08 10:55:00,569 INFO (StartupInfoLogger.java:57)- Started OrderServerApplication in 10.275 seconds (JVM running for 10.702)
